<?xml version="1.0" encoding="UTF-8"?>
<robot generator="Robot 3.1.2 (Python 3.8.2 on win32)" generated="20201013 19:20:10.650" rpa="false">
<suite id="s1" name="JavaScriptTestSuite" source="C:\Users\ademr\robotworkspace\projetRobot1\JavaScriptTestSuite.robot">
<test id="s1-t1" name="Ct001-scroll">
<kw name="Open Browser" library="SeleniumLibrary">
<doc>Opens a new browser instance to the optional ``url``.</doc>
<arguments>
<arg>http://omayo.blogspot.com/</arg>
<arg>gc</arg>
</arguments>
<msg timestamp="20201013 19:20:10.943" level="INFO">Opening browser 'gc' to base url 'http://omayo.blogspot.com/'.</msg>
<status status="PASS" starttime="20201013 19:20:10.943" endtime="20201013 19:20:15.206"></status>
</kw>
<kw name="Maximize Browser Window" library="SeleniumLibrary">
<doc>Maximizes current browser window.</doc>
<status status="PASS" starttime="20201013 19:20:15.214" endtime="20201013 19:20:17.385"></status>
</kw>
<kw name="Sleep" library="BuiltIn">
<doc>Pauses the test executed for the given time.</doc>
<arguments>
<arg>3</arg>
</arguments>
<msg timestamp="20201013 19:20:20.391" level="INFO">Slept 3 seconds</msg>
<status status="PASS" starttime="20201013 19:20:17.386" endtime="20201013 19:20:20.391"></status>
</kw>
<kw name="Execute Javascript" library="SeleniumLibrary">
<doc>Executes the given JavaScript code with possible arguments.</doc>
<arguments>
<arg>window.scrollTo(0,1500)</arg>
</arguments>
<msg timestamp="20201013 19:20:20.391" level="INFO">Executing JavaScript:
window.scrollTo(0,1500)
Without any arguments.</msg>
<status status="PASS" starttime="20201013 19:20:20.391" endtime="20201013 19:20:20.407"></status>
</kw>
<kw name="Execute Javascript" library="SeleniumLibrary">
<doc>Executes the given JavaScript code with possible arguments.</doc>
<arguments>
<arg>alert("salut tlm")</arg>
</arguments>
<msg timestamp="20201013 19:20:20.407" level="INFO">Executing JavaScript:
alert("salut tlm")
Without any arguments.</msg>
<status status="PASS" starttime="20201013 19:20:20.407" endtime="20201013 19:20:20.431"></status>
</kw>
<status status="PASS" starttime="20201013 19:20:10.943" endtime="20201013 19:20:20.431" critical="yes"></status>
</test>
<status status="PASS" starttime="20201013 19:20:10.650" endtime="20201013 19:20:20.439"></status>
</suite>
<statistics>
<total>
<stat pass="1" fail="0">Critical Tests</stat>
<stat pass="1" fail="0">All Tests</stat>
</total>
<tag>
</tag>
<suite>
<stat pass="1" fail="0" id="s1" name="JavaScriptTestSuite">JavaScriptTestSuite</stat>
</suite>
</statistics>
<errors>
</errors>
</robot>
